Base path: 'C:/Program Files/Unity/Hub/Editor/2019.4.10f1/Editor/Data', plugins path 'C:/Program Files/Unity/Hub/Editor/2019.4.10f1/Editor/Data/PlaybackEngines'
Cmd: initializeCompiler
Cmd: preprocess
  insize=27773 outsize=1748 ok=1
Cmd: compileSnippet
  api=4 type=0 insize=9471 outsize=978 kw=USE_SHAPE_LIGHT_TYPE_0 pd=UNITY_ENABLE_REFLECTION_BUFFERS UNITY_USE_DITHER_MASK_FOR_ALPHABLENDED_SHADOWS UNITY_PBS_USE_BRDF1 UNITY_SPECCUBE_BOX_PROJECTION UNITY_SPECCUBE_BLENDING UNITY_ENABLE_DETAIL_NORMALMAP SHADER_API_DESKTOP UNITY_COLORSPACE_GAMMA UNITY_LIGHT_PROBE_PROXY_VOLUME UNITY_LIGHTMAP_FULL_HDR ok=1
Cmd: compileSnippet
  api=4 type=1 insize=9471 outsize=874 kw=USE_SHAPE_LIGHT_TYPE_0 pd=UNITY_ENABLE_REFLECTION_BUFFERS UNITY_USE_DITHER_MASK_FOR_ALPHABLENDED_SHADOWS UNITY_PBS_USE_BRDF1 UNITY_SPECCUBE_BOX_PROJECTION UNITY_SPECCUBE_BLENDING UNITY_ENABLE_DETAIL_NORMALMAP SHADER_API_DESKTOP UNITY_COLORSPACE_GAMMA UNITY_LIGHT_PROBE_PROXY_VOLUME UNITY_LIGHTMAP_FULL_HDR ok=1
Cmd: preprocess
  insize=27768 outsize=1743 ok=1
Cmd: preprocess
  insize=811 outsize=209 ok=1
Cmd: preprocess
  insize=28679 outsize=1735 ok=1
Cmd: preprocess
  insize=811 outsize=209 ok=1
Cmd: preprocess
  insize=811 outsize=209 ok=1
Cmd: preprocess
  insize=811 outsize=209 ok=1
Cmd: preprocess
  insize=3846 outsize=417 ok=1
Cmd: preprocess
  insize=811 outsize=209 ok=1
Cmd: preprocess
  insize=3720 outsize=415 ok=1
Cmd: preprocess
  insize=811 outsize=209 ok=1
Cmd: preprocess
  insize=3916 outsize=408 ok=1
Cmd: preprocess
  insize=811 outsize=209 ok=1
Cmd: preprocess
  insize=4040 outsize=408 ok=1
Cmd: preprocess
  insize=811 outsize=209 ok=1
Cmd: preprocess
  insize=3916 outsize=408 ok=1
Cmd: preprocess
  insize=811 outsize=209 ok=1
Cmd: preprocess
  insize=4040 outsize=408 ok=1
Cmd: preprocess
  insize=811 outsize=209 ok=1
Cmd: preprocess
  insize=3916 outsize=408 ok=1
Cmd: preprocess
  insize=811 outsize=209 ok=1
Cmd: preprocess
  insize=4040 outsize=408 ok=1
Cmd: preprocess
  insize=811 outsize=209 ok=1
Cmd: preprocess
  insize=811 outsize=209 ok=1
Cmd: preprocess
  insize=3280 outsize=408 ok=1
Cmd: preprocess
  insize=4367 outsize=408 ok=1
Cmd: preprocess
  insize=811 outsize=209 ok=1
Cmd: preprocess
  insize=3280 outsize=408 ok=1
Cmd: preprocess
  insize=811 outsize=209 ok=1
Cmd: preprocess
  insize=3465 outsize=408 ok=1
Cmd: preprocess
  insize=4552 outsize=408 ok=1
Cmd: preprocess
  insize=811 outsize=209 ok=1
Cmd: preprocess
  insize=4325 outsize=408 ok=1
Cmd: preprocess
  insize=4545 outsize=408 ok=1
Cmd: preprocess
  insize=811 outsize=209 ok=1
Cmd: preprocess
  insize=4728 outsize=408 ok=1
Cmd: preprocess
  insize=811 outsize=209 ok=1
Cmd: preprocess
  insize=4659 outsize=408 ok=1
Cmd: preprocess
  insize=5573 outsize=409 ok=1
Cmd: preprocess
  insize=811 outsize=209 ok=1
Cmd: preprocess
  insize=4844 outsize=408 ok=1
Cmd: preprocess
  insize=5505 outsize=409 ok=1
Cmd: preprocess
  insize=811 outsize=209 ok=1
Cmd: preprocess
  insize=5825 outsize=404 ok=1
Cmd: preprocess
  insize=6303 outsize=404 ok=1
Cmd: preprocess
  insize=811 outsize=209 ok=1
Cmd: preprocess
  insize=6667 outsize=405 ok=1
Cmd: preprocess
  insize=811 outsize=209 ok=1
Cmd: preprocess
  insize=811 outsize=209 ok=1
Cmd: preprocess
  insize=4325 outsize=408 ok=1
Cmd: preprocess
  insize=4328 outsize=408 ok=1
Cmd: preprocess
  insize=811 outsize=209 ok=1
Cmd: preprocess
  insize=811 outsize=209 ok=1
Cmd: preprocess
  insize=4728 outsize=407 ok=1
Cmd: preprocess
  insize=4833 outsize=408 ok=1
Cmd: preprocess
  insize=811 outsize=209 ok=1
Cmd: preprocess
  insize=4580 outsize=402 ok=1
Cmd: preprocess
  insize=5237 outsize=404 ok=1
Cmd: preprocess
  insize=811 outsize=209 ok=1
Cmd: preprocess
  insize=6821 outsize=404 ok=1
Cmd: preprocess
  insize=7281 outsize=404 ok=1
Cmd: preprocess
  insize=811 outsize=209 ok=1
Cmd: preprocess
  insize=811 outsize=209 ok=1
Cmd: preprocess
  insize=7437 outsize=404 ok=1
Cmd: preprocess
  insize=7664 outsize=404 ok=1
Cmd: preprocess
  insize=45229 outsize=1866 ok=1
Cmd: preprocess
  insize=4024 outsize=408 ok=1
Cmd: preprocess
  insize=5325 outsize=409 ok=1
Cmd: preprocess
  insize=6055 outsize=404 ok=1
Cmd: preprocess
  insize=6419 outsize=406 ok=1
Cmd: preprocess
  insize=7033 outsize=403 ok=1
Cmd: preprocess
  insize=7416 outsize=404 ok=1
Cmd: preprocess
  insize=44389 outsize=1865 ok=1
Cmd: preprocess
  insize=3180 outsize=408 ok=1
Cmd: preprocess
  insize=4297 outsize=408 ok=1
Cmd: preprocess
  insize=4480 outsize=408 ok=1
Cmd: preprocess
  insize=4585 outsize=406 ok=1
Cmd: preprocess
  insize=4989 outsize=403 ok=1
Cmd: preprocess
  insize=7038 outsize=404 ok=1
Cmd: preprocess
  insize=7421 outsize=404 ok=1
Cmd: preprocess
  insize=44404 outsize=1865 ok=1
Cmd: preprocess
  insize=5077 outsize=408 ok=1
Cmd: preprocess
  insize=5510 outsize=409 ok=1
Cmd: preprocess
  insize=6060 outsize=404 ok=1
Cmd: preprocess
  insize=6424 outsize=406 ok=1
Cmd: preprocess
  insize=4209 outsize=408 ok=1
Cmd: preprocess
  insize=5262 outsize=409 ok=1
Cmd: preprocess
  insize=5812 outsize=404 ok=1
Cmd: preprocess
  insize=6176 outsize=406 ok=1
Cmd: preprocess
  insize=6790 outsize=403 ok=1
Cmd: preprocess
  insize=7173 outsize=404 ok=1
Cmd: preprocess
  insize=43564 outsize=1865 ok=1
Cmd: preprocess
  insize=3954 outsize=408 ok=1
Cmd: preprocess
  insize=4137 outsize=408 ok=1
Cmd: preprocess
  insize=4242 outsize=408 ok=1
Cmd: preprocess
  insize=4994 outsize=403 ok=1
Cmd: preprocess
  insize=6795 outsize=404 ok=1
Cmd: preprocess
  insize=7178 outsize=404 ok=1
Cmd: preprocess
  insize=43579 outsize=1865 ok=1
Cmd: preprocess
  insize=4734 outsize=408 ok=1
Cmd: preprocess
  insize=4919 outsize=408 ok=1
Cmd: preprocess
  insize=5469 outsize=404 ok=1
Cmd: preprocess
  insize=5833 outsize=406 ok=1
Cmd: preprocess
  insize=3985 outsize=407 ok=1
Cmd: preprocess
  insize=4651 outsize=403 ok=1
Cmd: preprocess
  insize=6452 outsize=403 ok=1
Cmd: preprocess
  insize=6835 outsize=404 ok=1
Cmd: preprocess
  insize=42322 outsize=1866 ok=1
Cmd: preprocess
  insize=3241 outsize=408 ok=1
Cmd: preprocess
  insize=4673 outsize=403 ok=1
Cmd: preprocess
  insize=6474 outsize=404 ok=1
Cmd: preprocess
  insize=6857 outsize=404 ok=1
Cmd: preprocess
  insize=42412 outsize=1865 ok=1
Cmd: preprocess
  insize=3985 outsize=407 ok=1
Cmd: preprocess
  insize=4651 outsize=403 ok=1
Cmd: preprocess
  insize=6452 outsize=403 ok=1
Cmd: preprocess
  insize=6835 outsize=404 ok=1
Cmd: preprocess
  insize=42322 outsize=1866 ok=1
Cmd: preprocess
  insize=40694 outsize=1874 ok=1
Cmd: compileSnippet
  api=4 type=0 insize=13627 outsize=978 kw=USE_SHAPE_LIGHT_TYPE_0 pd=UNITY_ENABLE_REFLECTION_BUFFERS UNITY_USE_DITHER_MASK_FOR_ALPHABLENDED_SHADOWS UNITY_PBS_USE_BRDF1 UNITY_SPECCUBE_BOX_PROJECTION UNITY_SPECCUBE_BLENDING UNITY_ENABLE_DETAIL_NORMALMAP SHADER_API_DESKTOP UNITY_COLORSPACE_GAMMA UNITY_LIGHT_PROBE_PROXY_VOLUME UNITY_LIGHTMAP_FULL_HDR ok=1
Cmd: compileSnippet
  api=4 type=1 insize=13627 outsize=1382 kw=USE_SHAPE_LIGHT_TYPE_0 pd=UNITY_ENABLE_REFLECTION_BUFFERS UNITY_USE_DITHER_MASK_FOR_ALPHABLENDED_SHADOWS UNITY_PBS_USE_BRDF1 UNITY_SPECCUBE_BOX_PROJECTION UNITY_SPECCUBE_BLENDING UNITY_ENABLE_DETAIL_NORMALMAP SHADER_API_DESKTOP UNITY_COLORSPACE_GAMMA UNITY_LIGHT_PROBE_PROXY_VOLUME UNITY_LIGHTMAP_FULL_HDR ok=1
Cmd: preprocess
  insize=40694 outsize=1874 ok=1
Cmd: compileSnippet
  api=4 type=0 insize=13627 outsize=978 kw=ETC1_EXTERNAL_ALPHA USE_SHAPE_LIGHT_TYPE_0 pd=UNITY_ENABLE_REFLECTION_BUFFERS UNITY_USE_DITHER_MASK_FOR_ALPHABLENDED_SHADOWS UNITY_PBS_USE_BRDF1 UNITY_SPECCUBE_BOX_PROJECTION UNITY_SPECCUBE_BLENDING UNITY_ENABLE_DETAIL_NORMALMAP SHADER_API_DESKTOP UNITY_COLORSPACE_GAMMA UNITY_LIGHT_PROBE_PROXY_VOLUME UNITY_LIGHTMAP_FULL_HDR ok=1
Cmd: compileSnippet
  api=4 type=1 insize=13627 outsize=1518 kw=ETC1_EXTERNAL_ALPHA USE_SHAPE_LIGHT_TYPE_0 pd=UNITY_ENABLE_REFLECTION_BUFFERS UNITY_USE_DITHER_MASK_FOR_ALPHABLENDED_SHADOWS UNITY_PBS_USE_BRDF1 UNITY_SPECCUBE_BOX_PROJECTION UNITY_SPECCUBE_BLENDING UNITY_ENABLE_DETAIL_NORMALMAP SHADER_API_DESKTOP UNITY_COLORSPACE_GAMMA UNITY_LIGHT_PROBE_PROXY_VOLUME UNITY_LIGHTMAP_FULL_HDR ok=1
